[33mwarn[39m:    --minUptime not set. Defaulting to: 1000ms
[33mwarn[39m:    --spinSleepTime not set. Your script will exit if it does not stay up for at least 1000ms
error: Could not read .foreverignore file.
error: ENOENT: no such file or directory, open '/home/asiglani/ACIS/Node_Apps/DGLIM_Web_App/.foreverignore'
Server running...
error: restarting script because change changed
error: Forever detected script was killed by signal: SIGKILL
error: Script restart attempt #1
Server running...
error: restarting script because change changed
error: Forever detected script was killed by signal: SIGKILL
error: Script restart attempt #2
Server running...
error: restarting script because change changed
error: Forever detected script was killed by signal: SIGKILL
error: Script restart attempt #3
Server running...
error: restarting script because change changed
error: Forever detected script was killed by signal: SIGKILL
error: Script restart attempt #4
Server running...
error: restarting script because change changed
error: Forever detected script was killed by signal: SIGKILL
error: Script restart attempt #5
Server running...
error: restarting script because change changed
error: Forever detected script was killed by signal: SIGKILL
error: Script restart attempt #6
Server running...
error: restarting script because change changed
error: Forever detected script was killed by signal: SIGKILL
error: Script restart attempt #7
Server running...
error: restarting script because change changed
error: Forever detected script was killed by signal: SIGKILL
error: Script restart attempt #8
Server running...
error: restarting script because change changed
error: Forever detected script was killed by signal: SIGKILL
error: Script restart attempt #9
Server running...
error: restarting script because change changed
error: Forever detected script was killed by signal: SIGKILL
error: Script restart attempt #10
Server running...
error: restarting script because change changed
error: Forever detected script was killed by signal: SIGKILL
error: Script restart attempt #11
Server running...
error: restarting script because change changed
error: Forever detected script was killed by signal: SIGKILL
error: Script restart attempt #12
Server running...
error: restarting script because change changed
error: Forever detected script was killed by signal: SIGKILL
error: Script restart attempt #13
Server running...
error: restarting script because change changed
error: Forever detected script was killed by signal: SIGKILL
error: Script restart attempt #14
Server running...
error: restarting script because change changed
error: Forever detected script was killed by signal: SIGKILL
error: Script restart attempt #15
Server running...
error: restarting script because change changed
error: Forever detected script was killed by signal: SIGKILL
error: Script restart attempt #16
Server running...
error: restarting script because change changed
error: Forever detected script was killed by signal: SIGKILL
error: Script restart attempt #17
Server running...
error: restarting script because change changed
error: Forever detected script was killed by signal: SIGKILL
error: Script restart attempt #18
Server running...
error: restarting script because change changed
error: Forever detected script was killed by signal: SIGKILL
error: Script restart attempt #19
Server running...
error: restarting script because change changed
error: Forever detected script was killed by signal: SIGKILL
error: Script restart attempt #20
Server running...
error: restarting script because change changed
error: Forever detected script was killed by signal: SIGKILL
error: Script restart attempt #21
Server running...
error: restarting script because change changed
error: Forever detected script was killed by signal: SIGKILL
error: Script restart attempt #22
Server running...
error: restarting script because change changed
error: Forever detected script was killed by signal: SIGKILL
error: Script restart attempt #23
Server running...
error: restarting script because change changed
error: Forever detected script was killed by signal: SIGKILL
error: Script restart attempt #24
Server running...
error: restarting script because change changed
error: Forever detected script was killed by signal: SIGKILL
error: Script restart attempt #25
Server running...
error: restarting script because change changed
error: Forever detected script was killed by signal: SIGKILL
error: Script restart attempt #26
Server running...
error: restarting script because change changed
error: Forever detected script was killed by signal: SIGKILL
error: Script restart attempt #27
Server running...
error: restarting script because change changed
error: Forever detected script was killed by signal: SIGKILL
error: Script restart attempt #28
Server running...
error: restarting script because change changed
error: Forever detected script was killed by signal: SIGKILL
error: Script restart attempt #29
Server running...
error: restarting script because change changed
error: Forever detected script was killed by signal: SIGKILL
error: Script restart attempt #30
Server running...
error: restarting script because change changed
error: Forever detected script was killed by signal: SIGKILL
error: Script restart attempt #31
Server running...
error: restarting script because change changed
error: Forever detected script was killed by signal: SIGKILL
error: Script restart attempt #32
Server running...
error: restarting script because change changed
error: Forever detected script was killed by signal: SIGKILL
error: Script restart attempt #33
Server running...
error: restarting script because change changed
error: Forever detected script was killed by signal: SIGKILL
error: Script restart attempt #34
Server running...
error: restarting script because change changed
error: Forever detected script was killed by signal: SIGKILL
error: Script restart attempt #35
Server running...
error: restarting script because change changed
error: Forever detected script was killed by signal: SIGKILL
error: Script restart attempt #36
Server running...
error: restarting script because change changed
error: Forever detected script was killed by signal: SIGKILL
error: Script restart attempt #37
Server running...
error: restarting script because change changed
error: Forever detected script was killed by signal: SIGKILL
error: Script restart attempt #38
Server running...
error: restarting script because change changed
error: Forever detected script was killed by signal: SIGKILL
error: Script restart attempt #39
Server running...
error: restarting script because change changed
error: Forever detected script was killed by signal: SIGKILL
error: Script restart attempt #40
Server running...
error: restarting script because change changed
error: Forever detected script was killed by signal: SIGKILL
error: Script restart attempt #41
Server running...
error: restarting script because change changed
error: Forever detected script was killed by signal: SIGKILL
error: Script restart attempt #42
Server running...
error: restarting script because change changed
error: Forever detected script was killed by signal: SIGKILL
error: Script restart attempt #43
Server running...
error: restarting script because change changed
error: Forever detected script was killed by signal: SIGKILL
error: Script restart attempt #44
Server running...
error: restarting script because change changed
error: Forever detected script was killed by signal: SIGKILL
error: Script restart attempt #45
Server running...
error: restarting script because change changed
error: Forever detected script was killed by signal: SIGKILL
error: Script restart attempt #46
Server running...
error: restarting script because change changed
error: Forever detected script was killed by signal: SIGKILL
error: Script restart attempt #47
Server running...
error: restarting script because change changed
error: Forever detected script was killed by signal: SIGKILL
error: Script restart attempt #48
Server running...
error: restarting script because change changed
error: Forever detected script was killed by signal: SIGKILL
error: Script restart attempt #49
Server running...
error: restarting script because change changed
error: Forever detected script was killed by signal: SIGKILL
error: Script restart attempt #50
Server running...
error: restarting script because change changed
error: Forever detected script was killed by signal: SIGKILL
error: Script restart attempt #51
Server running...
error: restarting script because change changed
error: Forever detected script was killed by signal: SIGKILL
error: Script restart attempt #52
Server running...
error: restarting script because change changed
error: Forever detected script was killed by signal: SIGKILL
error: Script restart attempt #53
Server running...
error: restarting script because change changed
error: Forever detected script was killed by signal: SIGKILL
error: Script restart attempt #54
Server running...
error: restarting script because change changed
error: Forever detected script was killed by signal: SIGKILL
error: Script restart attempt #55
Server running...
error: restarting script because change changed
error: Forever detected script was killed by signal: SIGKILL
error: Script restart attempt #56
Server running...
error: restarting script because change changed
error: Forever detected script was killed by signal: SIGKILL
error: Script restart attempt #57
Server running...
error: restarting script because change changed
error: Forever detected script was killed by signal: SIGKILL
error: Script restart attempt #58
Server running...
error: restarting script because change changed
error: Forever detected script was killed by signal: SIGKILL
error: Script restart attempt #59
Server running...
error: restarting script because change changed
error: Forever detected script was killed by signal: SIGKILL
error: Script restart attempt #60
Server running...
error: restarting script because change changed
error: Forever detected script was killed by signal: SIGKILL
error: Script restart attempt #61
Server running...
error: restarting script because change changed
error: Forever detected script was killed by signal: SIGKILL
error: Script restart attempt #62
Server running...
error: restarting script because change changed
error: Forever detected script was killed by signal: SIGKILL
error: Script restart attempt #63
Server running...
error: restarting script because change changed
error: Forever detected script was killed by signal: SIGKILL
error: Script restart attempt #64
Server running...
error: restarting script because change changed
error: Forever detected script was killed by signal: SIGKILL
error: Script restart attempt #65
Server running...
error: restarting script because change changed
error: Forever detected script was killed by signal: SIGKILL
error: Script restart attempt #66
Server running...
error: restarting script because change changed
error: Forever detected script was killed by signal: SIGKILL
error: Script restart attempt #67
Server running...
error: restarting script because change changed
error: Forever detected script was killed by signal: SIGKILL
error: Script restart attempt #68
Server running...
error: restarting script because change changed
error: Forever detected script was killed by signal: SIGKILL
error: Script restart attempt #69
Server running...
error: restarting script because change changed
error: Forever detected script was killed by signal: SIGKILL
error: Script restart attempt #70
Server running...
error: restarting script because change changed
error: Forever detected script was killed by signal: SIGKILL
error: Script restart attempt #71
Server running...
error: restarting script because change changed
error: Forever detected script was killed by signal: SIGKILL
error: Script restart attempt #72
Server running...
error: restarting script because change changed
error: Forever detected script was killed by signal: SIGKILL
error: Script restart attempt #73
Server running...
error: restarting script because change changed
error: Forever detected script was killed by signal: SIGKILL
error: Script restart attempt #74
Server running...
error: restarting script because change changed
error: Forever detected script was killed by signal: SIGKILL
error: Script restart attempt #75
Server running...
error: restarting script because change changed
error: Forever detected script was killed by signal: SIGKILL
error: Script restart attempt #76
Server running...
error: restarting script because change changed
error: Forever detected script was killed by signal: SIGKILL
error: Script restart attempt #77
Server running...
error: restarting script because change changed
error: Forever detected script was killed by signal: SIGKILL
error: Script restart attempt #78
Server running...
error: restarting script because change changed
error: Forever detected script was killed by signal: SIGKILL
error: Script restart attempt #79
Server running...
error: restarting script because change changed
error: Forever detected script was killed by signal: SIGKILL
error: Script restart attempt #80
Server running...
error: restarting script because change changed
error: Forever detected script was killed by signal: SIGKILL
error: Script restart attempt #81
Server running...
error: restarting script because change changed
error: Forever detected script was killed by signal: SIGKILL
error: Script restart attempt #82
Server running...
error: restarting script because change changed
error: Forever detected script was killed by signal: SIGKILL
error: Script restart attempt #83
Server running...
error: restarting script because change changed
error: Forever detected script was killed by signal: SIGKILL
error: Script restart attempt #84
Server running...
error: restarting script because change changed
error: Forever detected script was killed by signal: SIGKILL
error: Script restart attempt #85
Server running...
error: restarting script because change changed
error: Forever detected script was killed by signal: SIGKILL
error: Script restart attempt #86
Server running...
error: restarting script because change changed
error: Forever detected script was killed by signal: SIGKILL
error: Script restart attempt #87
Server running...
error: restarting script because change changed
error: Forever detected script was killed by signal: SIGKILL
error: Script restart attempt #88
Server running...
error: restarting script because change changed
error: Forever detected script was killed by signal: SIGKILL
error: Script restart attempt #89
Server running...
error: restarting script because change changed
error: Forever detected script was killed by signal: SIGKILL
error: Script restart attempt #90
Server running...
error: restarting script because change changed
error: Forever detected script was killed by signal: SIGKILL
error: Script restart attempt #91
Server running...
error: restarting script because change changed
error: Forever detected script was killed by signal: SIGKILL
error: Script restart attempt #92
Server running...
error: restarting script because change changed
error: Forever detected script was killed by signal: SIGKILL
error: Script restart attempt #93
Server running...
error: restarting script because change changed
error: Forever detected script was killed by signal: SIGKILL
error: Script restart attempt #94
Server running...
error: restarting script because change changed
error: Forever detected script was killed by signal: SIGKILL
error: Script restart attempt #95
Server running...
error: restarting script because change changed
error: Forever detected script was killed by signal: SIGKILL
error: Script restart attempt #96
Server running...
error: restarting script because change changed
error: Forever detected script was killed by signal: SIGKILL
error: Script restart attempt #97
Server running...
error: restarting script because change changed
error: Forever detected script was killed by signal: SIGKILL
error: Script restart attempt #98
Server running...
error: restarting script because change changed
error: Forever detected script was killed by signal: SIGKILL
error: Script restart attempt #99
Server running...
error: restarting script because change changed
error: Forever detected script was killed by signal: SIGKILL
error: Script restart attempt #100
Server running...
error: restarting script because change changed
error: Forever detected script was killed by signal: SIGKILL
error: Script restart attempt #101
Server running...
error: restarting script because change changed
error: Forever detected script was killed by signal: SIGKILL
error: Script restart attempt #102
Server running...
error: restarting script because change changed
error: Forever detected script was killed by signal: SIGKILL
error: Script restart attempt #103
Server running...
error: restarting script because change changed
error: Forever detected script was killed by signal: SIGKILL
error: Script restart attempt #104
